18 Mar 2024 20:05:51,268 INFO  ro.mpp2024.repository.AngajatRepo 24 <init> - Initializing AngajatRepo with properties: {jdbc.url=jdbc:sqlite:C:/Users/adria/IdeaProjects/mpp-proiect-java-Adrian6303/companieZbordb} 
18 Mar 2024 20:05:51,273 INFO  ro.mpp2024.repository.TuristRepo 25 <init> - Initializing TuristRepo with properties: {jdbc.url=jdbc:sqlite:C:/Users/adria/IdeaProjects/mpp-proiect-java-Adrian6303/companieZbordb} 
18 Mar 2024 20:05:51,275 INFO  ro.mpp2024.repository.ZborRepo 23 <init> - Initializing ZborRepo with properties: {jdbc.url=jdbc:sqlite:C:/Users/adria/IdeaProjects/mpp-proiect-java-Adrian6303/companieZbordb} 
18 Mar 2024 20:05:51,276 INFO  ro.mpp2024.repository.BiletRepo 33 <init> - Initializing BiletRepo with properties: {jdbc.url=jdbc:sqlite:C:/Users/adria/IdeaProjects/mpp-proiect-java-Adrian6303/companieZbordb} 
18 Mar 2024 20:05:51,278 TRACE ro.mpp2024.repository.AngajatRepo 34 findAll - Enter
18 Mar 2024 20:05:51,279 TRACE ro.mpp2024.utils.JdbcUtils 47 getConnection - Enter
18 Mar 2024 20:05:51,279 TRACE ro.mpp2024.utils.JdbcUtils 24 getNewConnection - Enter
18 Mar 2024 20:05:51,279 INFO  ro.mpp2024.utils.JdbcUtils 29 getNewConnection - trying to connect to database ... jdbc:sqlite:C:/Users/adria/IdeaProjects/mpp-proiect-java-Adrian6303/companieZbordb
18 Mar 2024 20:05:51,280 INFO  ro.mpp2024.utils.JdbcUtils 30 getNewConnection - user: null
18 Mar 2024 20:05:51,280 INFO  ro.mpp2024.utils.JdbcUtils 31 getNewConnection - pass: null
18 Mar 2024 20:05:51,531 TRACE ro.mpp2024.utils.JdbcUtils 56 getConnection - Exit with(org.sqlite.jdbc4.JDBC4Connection@6e9a5ed8)
18 Mar 2024 20:05:51,537 TRACE ro.mpp2024.repository.AngajatRepo 52 findAll - Exit with([Angajat{user='User1', password='1234', id=1}, Angajat{user='User2', password='9876', id=2}, Angajat{user='user3', password='23456', id=3}])
18 Mar 2024 20:05:51,539 TRACE ro.mpp2024.repository.TuristRepo 36 findAll - Enter
18 Mar 2024 20:05:51,539 TRACE ro.mpp2024.utils.JdbcUtils 47 getConnection - Enter
18 Mar 2024 20:05:51,540 TRACE ro.mpp2024.utils.JdbcUtils 24 getNewConnection - Enter
18 Mar 2024 20:05:51,540 INFO  ro.mpp2024.utils.JdbcUtils 29 getNewConnection - trying to connect to database ... jdbc:sqlite:C:/Users/adria/IdeaProjects/mpp-proiect-java-Adrian6303/companieZbordb
18 Mar 2024 20:05:51,540 INFO  ro.mpp2024.utils.JdbcUtils 30 getNewConnection - user: null
18 Mar 2024 20:05:51,541 INFO  ro.mpp2024.utils.JdbcUtils 31 getNewConnection - pass: null
18 Mar 2024 20:05:51,542 TRACE ro.mpp2024.utils.JdbcUtils 56 getConnection - Exit with(org.sqlite.jdbc4.JDBC4Connection@8462f31)
18 Mar 2024 20:05:51,544 TRACE ro.mpp2024.repository.TuristRepo 53 findAll - Exit with([Turist{nume='Turist1', id=1}, Turist{nume='Turist2', id=2}])
18 Mar 2024 20:05:51,546 TRACE ro.mpp2024.repository.ZborRepo 34 findAll - Enter
18 Mar 2024 20:05:51,546 TRACE ro.mpp2024.utils.JdbcUtils 47 getConnection - Enter
18 Mar 2024 20:05:51,546 TRACE ro.mpp2024.utils.JdbcUtils 24 getNewConnection - Enter
18 Mar 2024 20:05:51,547 INFO  ro.mpp2024.utils.JdbcUtils 29 getNewConnection - trying to connect to database ... jdbc:sqlite:C:/Users/adria/IdeaProjects/mpp-proiect-java-Adrian6303/companieZbordb
18 Mar 2024 20:05:51,547 INFO  ro.mpp2024.utils.JdbcUtils 30 getNewConnection - user: null
18 Mar 2024 20:05:51,547 INFO  ro.mpp2024.utils.JdbcUtils 31 getNewConnection - pass: null
18 Mar 2024 20:05:51,549 TRACE ro.mpp2024.utils.JdbcUtils 56 getConnection - Exit with(org.sqlite.jdbc4.JDBC4Connection@5ddeb7cb)
18 Mar 2024 20:05:51,561 TRACE ro.mpp2024.repository.ZborRepo 54 findAll - Exit with([Zbor{destinatia='Milano', dataPlecarii=2024-03-30, aeroportul='Bergamo', nrLocuri=100, id=1}, Zbor{destinatia='Paris', dataPlecarii=2024-03-31, aeroportul='Beaovois', nrLocuri=150, id=2}])
18 Mar 2024 20:05:51,561 TRACE ro.mpp2024.repository.BiletRepo 48 findAll - Enter
18 Mar 2024 20:05:51,562 TRACE ro.mpp2024.utils.JdbcUtils 47 getConnection - Enter
18 Mar 2024 20:05:51,562 TRACE ro.mpp2024.utils.JdbcUtils 24 getNewConnection - Enter
18 Mar 2024 20:05:51,563 INFO  ro.mpp2024.utils.JdbcUtils 29 getNewConnection - trying to connect to database ... jdbc:sqlite:C:/Users/adria/IdeaProjects/mpp-proiect-java-Adrian6303/companieZbordb
18 Mar 2024 20:05:51,564 INFO  ro.mpp2024.utils.JdbcUtils 30 getNewConnection - user: null
18 Mar 2024 20:05:51,564 INFO  ro.mpp2024.utils.JdbcUtils 31 getNewConnection - pass: null
18 Mar 2024 20:05:51,565 TRACE ro.mpp2024.utils.JdbcUtils 56 getConnection - Exit with(org.sqlite.jdbc4.JDBC4Connection@73eb439a)
18 Mar 2024 20:05:51,576 TRACE ro.mpp2024.repository.BiletRepo 74 findAll - Exit with([Bilet{angajat=null, zbor=null, client=null, listaTuristi=[], adresaClient='Cluj', nrLocuri=2, id=1}, Bilet{angajat=null, zbor=null, client=null, listaTuristi=[], adresaClient='Bucuresti', nrLocuri=1, id=2}])
18 Mar 2024 20:47:58,513 INFO  ro.mpp2024.repository.AngajatRepo 24 <init> - Initializing AngajatRepo with properties: {jdbc.url=jdbc:sqlite:C:/Users/adria/IdeaProjects/mpp-proiect-java-Adrian6303/companieZbordb} 
18 Mar 2024 20:47:58,520 INFO  ro.mpp2024.repository.TuristRepo 25 <init> - Initializing TuristRepo with properties: {jdbc.url=jdbc:sqlite:C:/Users/adria/IdeaProjects/mpp-proiect-java-Adrian6303/companieZbordb} 
18 Mar 2024 20:47:58,521 INFO  ro.mpp2024.repository.ZborRepo 23 <init> - Initializing ZborRepo with properties: {jdbc.url=jdbc:sqlite:C:/Users/adria/IdeaProjects/mpp-proiect-java-Adrian6303/companieZbordb} 
18 Mar 2024 20:47:58,522 INFO  ro.mpp2024.repository.BiletRepo 33 <init> - Initializing BiletRepo with properties: {jdbc.url=jdbc:sqlite:C:/Users/adria/IdeaProjects/mpp-proiect-java-Adrian6303/companieZbordb} 
18 Mar 2024 20:47:58,524 TRACE ro.mpp2024.repository.AngajatRepo 34 findAll - Enter
18 Mar 2024 20:47:58,524 TRACE ro.mpp2024.utils.JdbcUtils 47 getConnection - Enter
18 Mar 2024 20:47:58,524 TRACE ro.mpp2024.utils.JdbcUtils 24 getNewConnection - Enter
18 Mar 2024 20:47:58,524 INFO  ro.mpp2024.utils.JdbcUtils 29 getNewConnection - trying to connect to database ... jdbc:sqlite:C:/Users/adria/IdeaProjects/mpp-proiect-java-Adrian6303/companieZbordb
18 Mar 2024 20:47:58,525 INFO  ro.mpp2024.utils.JdbcUtils 30 getNewConnection - user: null
18 Mar 2024 20:47:58,525 INFO  ro.mpp2024.utils.JdbcUtils 31 getNewConnection - pass: null
18 Mar 2024 20:47:58,812 TRACE ro.mpp2024.utils.JdbcUtils 56 getConnection - Exit with(org.sqlite.jdbc4.JDBC4Connection@6e9a5ed8)
18 Mar 2024 20:47:58,819 TRACE ro.mpp2024.repository.AngajatRepo 52 findAll - Exit with([Angajat{user='User1', password='1234', id=1}, Angajat{user='User2', password='9876', id=2}, Angajat{user='user3', password='23456', id=3}])
18 Mar 2024 20:47:58,819 TRACE ro.mpp2024.repository.TuristRepo 36 findAll - Enter
18 Mar 2024 20:47:58,819 TRACE ro.mpp2024.utils.JdbcUtils 47 getConnection - Enter
18 Mar 2024 20:47:58,819 TRACE ro.mpp2024.utils.JdbcUtils 24 getNewConnection - Enter
18 Mar 2024 20:47:58,819 INFO  ro.mpp2024.utils.JdbcUtils 29 getNewConnection - trying to connect to database ... jdbc:sqlite:C:/Users/adria/IdeaProjects/mpp-proiect-java-Adrian6303/companieZbordb
18 Mar 2024 20:47:58,819 INFO  ro.mpp2024.utils.JdbcUtils 30 getNewConnection - user: null
18 Mar 2024 20:47:58,819 INFO  ro.mpp2024.utils.JdbcUtils 31 getNewConnection - pass: null
18 Mar 2024 20:47:58,827 TRACE ro.mpp2024.utils.JdbcUtils 56 getConnection - Exit with(org.sqlite.jdbc4.JDBC4Connection@8462f31)
18 Mar 2024 20:47:58,829 TRACE ro.mpp2024.repository.TuristRepo 53 findAll - Exit with([Turist{nume='Turist1', id=1}, Turist{nume='Turist2', id=2}])
18 Mar 2024 20:47:58,829 TRACE ro.mpp2024.repository.ZborRepo 34 findAll - Enter
18 Mar 2024 20:47:58,829 TRACE ro.mpp2024.utils.JdbcUtils 47 getConnection - Enter
18 Mar 2024 20:47:58,829 TRACE ro.mpp2024.utils.JdbcUtils 24 getNewConnection - Enter
18 Mar 2024 20:47:58,829 INFO  ro.mpp2024.utils.JdbcUtils 29 getNewConnection - trying to connect to database ... jdbc:sqlite:C:/Users/adria/IdeaProjects/mpp-proiect-java-Adrian6303/companieZbordb
18 Mar 2024 20:47:58,829 INFO  ro.mpp2024.utils.JdbcUtils 30 getNewConnection - user: null
18 Mar 2024 20:47:58,829 INFO  ro.mpp2024.utils.JdbcUtils 31 getNewConnection - pass: null
18 Mar 2024 20:47:58,837 TRACE ro.mpp2024.utils.JdbcUtils 56 getConnection - Exit with(org.sqlite.jdbc4.JDBC4Connection@5ddeb7cb)
18 Mar 2024 20:47:58,849 TRACE ro.mpp2024.repository.ZborRepo 54 findAll - Exit with([Zbor{destinatia='Milano', dataPlecarii=2024-03-30, aeroportul='Bergamo', nrLocuri=100, id=1}, Zbor{destinatia='Paris', dataPlecarii=2024-03-31, aeroportul='Beaovois', nrLocuri=150, id=2}])
18 Mar 2024 20:47:58,849 TRACE ro.mpp2024.repository.BiletRepo 48 findAll - Enter
18 Mar 2024 20:47:58,849 TRACE ro.mpp2024.utils.JdbcUtils 47 getConnection - Enter
18 Mar 2024 20:47:58,849 TRACE ro.mpp2024.utils.JdbcUtils 24 getNewConnection - Enter
18 Mar 2024 20:47:58,849 INFO  ro.mpp2024.utils.JdbcUtils 29 getNewConnection - trying to connect to database ... jdbc:sqlite:C:/Users/adria/IdeaProjects/mpp-proiect-java-Adrian6303/companieZbordb
18 Mar 2024 20:47:58,849 INFO  ro.mpp2024.utils.JdbcUtils 30 getNewConnection - user: null
18 Mar 2024 20:47:58,849 INFO  ro.mpp2024.utils.JdbcUtils 31 getNewConnection - pass: null
18 Mar 2024 20:47:58,849 TRACE ro.mpp2024.utils.JdbcUtils 56 getConnection - Exit with(org.sqlite.jdbc4.JDBC4Connection@73eb439a)
18 Mar 2024 20:47:58,861 TRACE ro.mpp2024.repository.BiletRepo 74 findAll - Exit with([Bilet{angajat=null, zbor=null, client=null, listaTuristi=[], adresaClient='Cluj', nrLocuri=2, id=1}, Bilet{angajat=null, zbor=null, client=null, listaTuristi=[], adresaClient='Bucuresti', nrLocuri=1, id=2}])
21 Mar 2024 11:08:08,390 INFO  ro.mpp2024.repository.AngajatRepo 24 <init> - Initializing AngajatRepo with properties: {jdbc.url=jdbc:sqlite:C:/Users/adria/IdeaProjects/mpp-proiect-java-Adrian6303/companieZbordb} 
21 Mar 2024 11:08:08,411 INFO  ro.mpp2024.repository.TuristRepo 25 <init> - Initializing TuristRepo with properties: {jdbc.url=jdbc:sqlite:C:/Users/adria/IdeaProjects/mpp-proiect-java-Adrian6303/companieZbordb} 
21 Mar 2024 11:08:08,421 INFO  ro.mpp2024.repository.ZborRepo 23 <init> - Initializing ZborRepo with properties: {jdbc.url=jdbc:sqlite:C:/Users/adria/IdeaProjects/mpp-proiect-java-Adrian6303/companieZbordb} 
21 Mar 2024 11:08:08,432 INFO  ro.mpp2024.repository.BiletRepo 33 <init> - Initializing BiletRepo with properties: {jdbc.url=jdbc:sqlite:C:/Users/adria/IdeaProjects/mpp-proiect-java-Adrian6303/companieZbordb} 
21 Mar 2024 11:08:08,433 TRACE ro.mpp2024.repository.AngajatRepo 34 findAll - Enter
21 Mar 2024 11:08:08,433 TRACE ro.mpp2024.utils.JdbcUtils 47 getConnection - Enter
21 Mar 2024 11:08:08,433 TRACE ro.mpp2024.utils.JdbcUtils 24 getNewConnection - Enter
21 Mar 2024 11:08:08,433 INFO  ro.mpp2024.utils.JdbcUtils 29 getNewConnection - trying to connect to database ... jdbc:sqlite:C:/Users/adria/IdeaProjects/mpp-proiect-java-Adrian6303/companieZbordb
21 Mar 2024 11:08:08,434 INFO  ro.mpp2024.utils.JdbcUtils 30 getNewConnection - user: null
21 Mar 2024 11:08:08,434 INFO  ro.mpp2024.utils.JdbcUtils 31 getNewConnection - pass: null
21 Mar 2024 11:08:08,566 TRACE ro.mpp2024.utils.JdbcUtils 56 getConnection - Exit with(org.sqlite.jdbc4.JDBC4Connection@6e9a5ed8)
21 Mar 2024 11:08:08,568 TRACE ro.mpp2024.repository.AngajatRepo 52 findAll - Exit with([Angajat{user='User1', password='1234', id=1}, Angajat{user='User2', password='9876', id=2}, Angajat{user='user3', password='23456', id=3}])
21 Mar 2024 11:08:08,569 TRACE ro.mpp2024.repository.TuristRepo 36 findAll - Enter
21 Mar 2024 11:08:08,569 TRACE ro.mpp2024.utils.JdbcUtils 47 getConnection - Enter
21 Mar 2024 11:08:08,569 TRACE ro.mpp2024.utils.JdbcUtils 24 getNewConnection - Enter
21 Mar 2024 11:08:08,569 INFO  ro.mpp2024.utils.JdbcUtils 29 getNewConnection - trying to connect to database ... jdbc:sqlite:C:/Users/adria/IdeaProjects/mpp-proiect-java-Adrian6303/companieZbordb
21 Mar 2024 11:08:08,569 INFO  ro.mpp2024.utils.JdbcUtils 30 getNewConnection - user: null
21 Mar 2024 11:08:08,569 INFO  ro.mpp2024.utils.JdbcUtils 31 getNewConnection - pass: null
21 Mar 2024 11:08:08,570 TRACE ro.mpp2024.utils.JdbcUtils 56 getConnection - Exit with(org.sqlite.jdbc4.JDBC4Connection@8462f31)
21 Mar 2024 11:08:08,571 TRACE ro.mpp2024.repository.TuristRepo 53 findAll - Exit with([Turist{nume='Turist1', id=1}, Turist{nume='Turist2', id=2}])
21 Mar 2024 11:08:08,571 TRACE ro.mpp2024.repository.ZborRepo 34 findAll - Enter
21 Mar 2024 11:08:08,571 TRACE ro.mpp2024.utils.JdbcUtils 47 getConnection - Enter
21 Mar 2024 11:08:08,571 TRACE ro.mpp2024.utils.JdbcUtils 24 getNewConnection - Enter
21 Mar 2024 11:08:08,572 INFO  ro.mpp2024.utils.JdbcUtils 29 getNewConnection - trying to connect to database ... jdbc:sqlite:C:/Users/adria/IdeaProjects/mpp-proiect-java-Adrian6303/companieZbordb
21 Mar 2024 11:08:08,572 INFO  ro.mpp2024.utils.JdbcUtils 30 getNewConnection - user: null
21 Mar 2024 11:08:08,572 INFO  ro.mpp2024.utils.JdbcUtils 31 getNewConnection - pass: null
21 Mar 2024 11:08:08,572 TRACE ro.mpp2024.utils.JdbcUtils 56 getConnection - Exit with(org.sqlite.jdbc4.JDBC4Connection@5ddeb7cb)
21 Mar 2024 11:08:08,586 TRACE ro.mpp2024.repository.ZborRepo 54 findAll - Exit with([Zbor{destinatia='Milano', dataPlecarii=2024-03-30, aeroportul='Bergamo', nrLocuri=100, id=1}, Zbor{destinatia='Paris', dataPlecarii=2024-03-31, aeroportul='Beaovois', nrLocuri=150, id=2}])
21 Mar 2024 11:08:08,586 TRACE ro.mpp2024.repository.BiletRepo 48 findAll - Enter
21 Mar 2024 11:08:08,586 TRACE ro.mpp2024.utils.JdbcUtils 47 getConnection - Enter
21 Mar 2024 11:08:08,586 TRACE ro.mpp2024.utils.JdbcUtils 24 getNewConnection - Enter
21 Mar 2024 11:08:08,586 INFO  ro.mpp2024.utils.JdbcUtils 29 getNewConnection - trying to connect to database ... jdbc:sqlite:C:/Users/adria/IdeaProjects/mpp-proiect-java-Adrian6303/companieZbordb
21 Mar 2024 11:08:08,586 INFO  ro.mpp2024.utils.JdbcUtils 30 getNewConnection - user: null
21 Mar 2024 11:08:08,586 INFO  ro.mpp2024.utils.JdbcUtils 31 getNewConnection - pass: null
21 Mar 2024 11:08:08,587 TRACE ro.mpp2024.utils.JdbcUtils 56 getConnection - Exit with(org.sqlite.jdbc4.JDBC4Connection@73eb439a)
21 Mar 2024 11:08:08,593 TRACE ro.mpp2024.repository.BiletRepo 74 findAll - Exit with([Bilet{angajat=null, zbor=null, client=null, listaTuristi=[], adresaClient='Cluj', nrLocuri=2, id=1}, Bilet{angajat=null, zbor=null, client=null, listaTuristi=[], adresaClient='Bucuresti', nrLocuri=1, id=2}])
24 Mar 2024 14:31:05,190 INFO  ro.mpp2024.repository.AngajatRepo 24 <init> - Initializing AngajatRepo with properties: {jdbc.url=jdbc:sqlite:C:/Users/adria/IdeaProjects/mpp-proiect-java-Adrian6303/companieZbordb} 
24 Mar 2024 14:31:05,221 INFO  ro.mpp2024.repository.TuristRepo 25 <init> - Initializing TuristRepo with properties: {jdbc.url=jdbc:sqlite:C:/Users/adria/IdeaProjects/mpp-proiect-java-Adrian6303/companieZbordb} 
24 Mar 2024 14:31:05,244 INFO  ro.mpp2024.repository.ZborRepo 23 <init> - Initializing ZborRepo with properties: {jdbc.url=jdbc:sqlite:C:/Users/adria/IdeaProjects/mpp-proiect-java-Adrian6303/companieZbordb} 
24 Mar 2024 14:31:05,272 INFO  ro.mpp2024.repository.BiletRepo 33 <init> - Initializing BiletRepo with properties: {jdbc.url=jdbc:sqlite:C:/Users/adria/IdeaProjects/mpp-proiect-java-Adrian6303/companieZbordb} 
24 Mar 2024 14:31:05,274 TRACE ro.mpp2024.repository.AngajatRepo 34 findAll - Enter
24 Mar 2024 14:31:05,275 TRACE ro.mpp2024.utils.JdbcUtils 47 getConnection - Enter
24 Mar 2024 14:31:05,275 TRACE ro.mpp2024.utils.JdbcUtils 24 getNewConnection - Enter
24 Mar 2024 14:31:05,276 INFO  ro.mpp2024.utils.JdbcUtils 29 getNewConnection - trying to connect to database ... jdbc:sqlite:C:/Users/adria/IdeaProjects/mpp-proiect-java-Adrian6303/companieZbordb
24 Mar 2024 14:31:05,277 INFO  ro.mpp2024.utils.JdbcUtils 30 getNewConnection - user: null
24 Mar 2024 14:31:05,277 INFO  ro.mpp2024.utils.JdbcUtils 31 getNewConnection - pass: null
24 Mar 2024 14:31:05,595 TRACE ro.mpp2024.utils.JdbcUtils 56 getConnection - Exit with(org.sqlite.jdbc4.JDBC4Connection@6e9a5ed8)
24 Mar 2024 14:31:05,601 TRACE ro.mpp2024.repository.AngajatRepo 52 findAll - Exit with([Angajat{user='User1', password='1234', id=1}, Angajat{user='User2', password='9876', id=2}, Angajat{user='user3', password='23456', id=3}])
24 Mar 2024 14:31:05,604 TRACE ro.mpp2024.repository.TuristRepo 36 findAll - Enter
24 Mar 2024 14:31:05,604 TRACE ro.mpp2024.utils.JdbcUtils 47 getConnection - Enter
24 Mar 2024 14:31:05,605 TRACE ro.mpp2024.utils.JdbcUtils 24 getNewConnection - Enter
24 Mar 2024 14:31:05,605 INFO  ro.mpp2024.utils.JdbcUtils 29 getNewConnection - trying to connect to database ... jdbc:sqlite:C:/Users/adria/IdeaProjects/mpp-proiect-java-Adrian6303/companieZbordb
24 Mar 2024 14:31:05,605 INFO  ro.mpp2024.utils.JdbcUtils 30 getNewConnection - user: null
24 Mar 2024 14:31:05,606 INFO  ro.mpp2024.utils.JdbcUtils 31 getNewConnection - pass: null
24 Mar 2024 14:31:05,606 TRACE ro.mpp2024.utils.JdbcUtils 56 getConnection - Exit with(org.sqlite.jdbc4.JDBC4Connection@8462f31)
24 Mar 2024 14:31:05,608 TRACE ro.mpp2024.repository.TuristRepo 53 findAll - Exit with([Turist{nume='Turist1', id=1}, Turist{nume='Turist2', id=2}])
24 Mar 2024 14:31:05,609 TRACE ro.mpp2024.repository.ZborRepo 34 findAll - Enter
24 Mar 2024 14:31:05,609 TRACE ro.mpp2024.utils.JdbcUtils 47 getConnection - Enter
24 Mar 2024 14:31:05,609 TRACE ro.mpp2024.utils.JdbcUtils 24 getNewConnection - Enter
24 Mar 2024 14:31:05,610 INFO  ro.mpp2024.utils.JdbcUtils 29 getNewConnection - trying to connect to database ... jdbc:sqlite:C:/Users/adria/IdeaProjects/mpp-proiect-java-Adrian6303/companieZbordb
24 Mar 2024 14:31:05,610 INFO  ro.mpp2024.utils.JdbcUtils 30 getNewConnection - user: null
24 Mar 2024 14:31:05,610 INFO  ro.mpp2024.utils.JdbcUtils 31 getNewConnection - pass: null
24 Mar 2024 14:31:05,613 TRACE ro.mpp2024.utils.JdbcUtils 56 getConnection - Exit with(org.sqlite.jdbc4.JDBC4Connection@5ddeb7cb)
24 Mar 2024 14:31:05,625 TRACE ro.mpp2024.repository.ZborRepo 54 findAll - Exit with([Zbor{destinatia='Milano', dataPlecarii=2024-03-30, aeroportul='Bergamo', nrLocuri=100, id=1}, Zbor{destinatia='Paris', dataPlecarii=2024-03-31, aeroportul='Beaovois', nrLocuri=150, id=2}])
24 Mar 2024 14:31:05,625 TRACE ro.mpp2024.repository.BiletRepo 48 findAll - Enter
24 Mar 2024 14:31:05,625 TRACE ro.mpp2024.utils.JdbcUtils 47 getConnection - Enter
24 Mar 2024 14:31:05,625 TRACE ro.mpp2024.utils.JdbcUtils 24 getNewConnection - Enter
24 Mar 2024 14:31:05,626 INFO  ro.mpp2024.utils.JdbcUtils 29 getNewConnection - trying to connect to database ... jdbc:sqlite:C:/Users/adria/IdeaProjects/mpp-proiect-java-Adrian6303/companieZbordb
24 Mar 2024 14:31:05,626 INFO  ro.mpp2024.utils.JdbcUtils 30 getNewConnection - user: null
24 Mar 2024 14:31:05,627 INFO  ro.mpp2024.utils.JdbcUtils 31 getNewConnection - pass: null
24 Mar 2024 14:31:05,629 TRACE ro.mpp2024.utils.JdbcUtils 56 getConnection - Exit with(org.sqlite.jdbc4.JDBC4Connection@73eb439a)
24 Mar 2024 14:31:05,645 TRACE ro.mpp2024.repository.BiletRepo 74 findAll - Exit with([Bilet{angajat=null, zbor=null, client=null, listaTuristi=[], adresaClient='Cluj', nrLocuri=2, id=1}, Bilet{angajat=null, zbor=null, client=null, listaTuristi=[], adresaClient='Bucuresti', nrLocuri=1, id=2}])
24 Mar 2024 14:39:45,162 INFO  ro.mpp2024.repository.AngajatRepo 24 <init> - Initializing AngajatRepo with properties: {jdbc.url=jdbc:sqlite:C:/Users/adria/IdeaProjects/mpp-proiect-java-Adrian6303/companieZbordb} 
24 Mar 2024 14:39:45,168 INFO  ro.mpp2024.repository.TuristRepo 25 <init> - Initializing TuristRepo with properties: {jdbc.url=jdbc:sqlite:C:/Users/adria/IdeaProjects/mpp-proiect-java-Adrian6303/companieZbordb} 
24 Mar 2024 14:39:45,170 INFO  ro.mpp2024.repository.ZborRepo 23 <init> - Initializing ZborRepo with properties: {jdbc.url=jdbc:sqlite:C:/Users/adria/IdeaProjects/mpp-proiect-java-Adrian6303/companieZbordb} 
24 Mar 2024 14:39:45,171 INFO  ro.mpp2024.repository.BiletRepo 33 <init> - Initializing BiletRepo with properties: {jdbc.url=jdbc:sqlite:C:/Users/adria/IdeaProjects/mpp-proiect-java-Adrian6303/companieZbordb} 
24 Mar 2024 14:39:45,173 TRACE ro.mpp2024.repository.AngajatRepo 34 findAll - Enter
24 Mar 2024 14:39:45,173 TRACE ro.mpp2024.utils.JdbcUtils 47 getConnection - Enter
24 Mar 2024 14:39:45,174 TRACE ro.mpp2024.utils.JdbcUtils 24 getNewConnection - Enter
24 Mar 2024 14:39:45,174 INFO  ro.mpp2024.utils.JdbcUtils 29 getNewConnection - trying to connect to database ... jdbc:sqlite:C:/Users/adria/IdeaProjects/mpp-proiect-java-Adrian6303/companieZbordb
24 Mar 2024 14:39:45,175 INFO  ro.mpp2024.utils.JdbcUtils 30 getNewConnection - user: null
24 Mar 2024 14:39:45,175 INFO  ro.mpp2024.utils.JdbcUtils 31 getNewConnection - pass: null
24 Mar 2024 14:39:45,410 TRACE ro.mpp2024.utils.JdbcUtils 56 getConnection - Exit with(org.sqlite.jdbc4.JDBC4Connection@6e9a5ed8)
24 Mar 2024 14:39:45,415 TRACE ro.mpp2024.repository.AngajatRepo 52 findAll - Exit with([Angajat{user='User1', password='1234', id=1}, Angajat{user='User2', password='9876', id=2}, Angajat{user='user3', password='23456', id=3}])
24 Mar 2024 14:39:45,417 TRACE ro.mpp2024.repository.TuristRepo 36 findAll - Enter
24 Mar 2024 14:39:45,417 TRACE ro.mpp2024.utils.JdbcUtils 47 getConnection - Enter
24 Mar 2024 14:39:45,418 TRACE ro.mpp2024.utils.JdbcUtils 24 getNewConnection - Enter
24 Mar 2024 14:39:45,418 INFO  ro.mpp2024.utils.JdbcUtils 29 getNewConnection - trying to connect to database ... jdbc:sqlite:C:/Users/adria/IdeaProjects/mpp-proiect-java-Adrian6303/companieZbordb
24 Mar 2024 14:39:45,418 INFO  ro.mpp2024.utils.JdbcUtils 30 getNewConnection - user: null
24 Mar 2024 14:39:45,419 INFO  ro.mpp2024.utils.JdbcUtils 31 getNewConnection - pass: null
24 Mar 2024 14:39:45,421 TRACE ro.mpp2024.utils.JdbcUtils 56 getConnection - Exit with(org.sqlite.jdbc4.JDBC4Connection@8462f31)
24 Mar 2024 14:39:45,422 TRACE ro.mpp2024.repository.TuristRepo 53 findAll - Exit with([Turist{nume='Turist1', id=1}, Turist{nume='Turist2', id=2}])
24 Mar 2024 14:39:45,425 TRACE ro.mpp2024.repository.ZborRepo 34 findAll - Enter
24 Mar 2024 14:39:45,425 TRACE ro.mpp2024.utils.JdbcUtils 47 getConnection - Enter
24 Mar 2024 14:39:45,425 TRACE ro.mpp2024.utils.JdbcUtils 24 getNewConnection - Enter
24 Mar 2024 14:39:45,426 INFO  ro.mpp2024.utils.JdbcUtils 29 getNewConnection - trying to connect to database ... jdbc:sqlite:C:/Users/adria/IdeaProjects/mpp-proiect-java-Adrian6303/companieZbordb
24 Mar 2024 14:39:45,426 INFO  ro.mpp2024.utils.JdbcUtils 30 getNewConnection - user: null
24 Mar 2024 14:39:45,427 INFO  ro.mpp2024.utils.JdbcUtils 31 getNewConnection - pass: null
24 Mar 2024 14:39:45,428 TRACE ro.mpp2024.utils.JdbcUtils 56 getConnection - Exit with(org.sqlite.jdbc4.JDBC4Connection@5ddeb7cb)
24 Mar 2024 14:39:45,438 TRACE ro.mpp2024.repository.ZborRepo 54 findAll - Exit with([Zbor{destinatia='Milano', dataPlecarii=2024-03-30, aeroportul='Bergamo', nrLocuri=100, id=1}, Zbor{destinatia='Paris', dataPlecarii=2024-03-31, aeroportul='Beaovois', nrLocuri=150, id=2}])
24 Mar 2024 14:39:45,439 TRACE ro.mpp2024.repository.BiletRepo 48 findAll - Enter
24 Mar 2024 14:39:45,439 TRACE ro.mpp2024.utils.JdbcUtils 47 getConnection - Enter
24 Mar 2024 14:39:45,439 TRACE ro.mpp2024.utils.JdbcUtils 24 getNewConnection - Enter
24 Mar 2024 14:39:45,440 INFO  ro.mpp2024.utils.JdbcUtils 29 getNewConnection - trying to connect to database ... jdbc:sqlite:C:/Users/adria/IdeaProjects/mpp-proiect-java-Adrian6303/companieZbordb
24 Mar 2024 14:39:45,441 INFO  ro.mpp2024.utils.JdbcUtils 30 getNewConnection - user: null
24 Mar 2024 14:39:45,441 INFO  ro.mpp2024.utils.JdbcUtils 31 getNewConnection - pass: null
24 Mar 2024 14:39:45,442 TRACE ro.mpp2024.utils.JdbcUtils 56 getConnection - Exit with(org.sqlite.jdbc4.JDBC4Connection@73eb439a)
24 Mar 2024 14:39:45,449 TRACE ro.mpp2024.repository.BiletRepo 74 findAll - Exit with([Bilet{angajat=null, zbor=null, client=null, listaTuristi=[], adresaClient='Cluj', nrLocuri=2, id=1}, Bilet{angajat=null, zbor=null, client=null, listaTuristi=[], adresaClient='Bucuresti', nrLocuri=1, id=2}])
25 Mar 2024 12:51:03,673 INFO  ro.mpp2024.repository.AngajatRepo 24 <init> - Initializing AngajatRepo with properties: {jdbc.url=jdbc:sqlite:C:/Users/adria/IdeaProjects/mpp-proiect-java-Adrian6303/companieZbordb} 
25 Mar 2024 12:51:03,677 INFO  ro.mpp2024.repository.TuristRepo 25 <init> - Initializing TuristRepo with properties: {jdbc.url=jdbc:sqlite:C:/Users/adria/IdeaProjects/mpp-proiect-java-Adrian6303/companieZbordb} 
25 Mar 2024 12:51:03,678 INFO  ro.mpp2024.repository.ZborRepo 23 <init> - Initializing ZborRepo with properties: {jdbc.url=jdbc:sqlite:C:/Users/adria/IdeaProjects/mpp-proiect-java-Adrian6303/companieZbordb} 
25 Mar 2024 12:51:03,678 INFO  ro.mpp2024.repository.BiletRepo 33 <init> - Initializing BiletRepo with properties: {jdbc.url=jdbc:sqlite:C:/Users/adria/IdeaProjects/mpp-proiect-java-Adrian6303/companieZbordb} 
25 Mar 2024 12:51:03,679 TRACE ro.mpp2024.repository.AngajatRepo 34 findAll - Enter
25 Mar 2024 12:51:03,679 TRACE ro.mpp2024.utils.JdbcUtils 47 getConnection - Enter
25 Mar 2024 12:51:03,679 TRACE ro.mpp2024.utils.JdbcUtils 24 getNewConnection - Enter
25 Mar 2024 12:51:03,680 INFO  ro.mpp2024.utils.JdbcUtils 29 getNewConnection - trying to connect to database ... jdbc:sqlite:C:/Users/adria/IdeaProjects/mpp-proiect-java-Adrian6303/companieZbordb
25 Mar 2024 12:51:03,680 INFO  ro.mpp2024.utils.JdbcUtils 30 getNewConnection - user: null
25 Mar 2024 12:51:03,680 INFO  ro.mpp2024.utils.JdbcUtils 31 getNewConnection - pass: null
25 Mar 2024 12:51:03,817 TRACE ro.mpp2024.utils.JdbcUtils 56 getConnection - Exit with(org.sqlite.jdbc4.JDBC4Connection@6e9a5ed8)
25 Mar 2024 12:51:03,819 TRACE ro.mpp2024.repository.AngajatRepo 52 findAll - Exit with([Angajat{user='User1', password='1234', id=1}, Angajat{user='User2', password='9876', id=2}, Angajat{user='user3', password='23456', id=3}])
25 Mar 2024 12:51:03,819 TRACE ro.mpp2024.repository.TuristRepo 36 findAll - Enter
25 Mar 2024 12:51:03,820 TRACE ro.mpp2024.utils.JdbcUtils 47 getConnection - Enter
25 Mar 2024 12:51:03,820 TRACE ro.mpp2024.utils.JdbcUtils 24 getNewConnection - Enter
25 Mar 2024 12:51:03,820 INFO  ro.mpp2024.utils.JdbcUtils 29 getNewConnection - trying to connect to database ... jdbc:sqlite:C:/Users/adria/IdeaProjects/mpp-proiect-java-Adrian6303/companieZbordb
25 Mar 2024 12:51:03,820 INFO  ro.mpp2024.utils.JdbcUtils 30 getNewConnection - user: null
25 Mar 2024 12:51:03,820 INFO  ro.mpp2024.utils.JdbcUtils 31 getNewConnection - pass: null
25 Mar 2024 12:51:03,821 TRACE ro.mpp2024.utils.JdbcUtils 56 getConnection - Exit with(org.sqlite.jdbc4.JDBC4Connection@8462f31)
25 Mar 2024 12:51:03,822 TRACE ro.mpp2024.repository.TuristRepo 53 findAll - Exit with([Turist{nume='Turist1', id=1}, Turist{nume='Turist2', id=2}])
25 Mar 2024 12:51:03,822 TRACE ro.mpp2024.repository.ZborRepo 34 findAll - Enter
25 Mar 2024 12:51:03,822 TRACE ro.mpp2024.utils.JdbcUtils 47 getConnection - Enter
25 Mar 2024 12:51:03,822 TRACE ro.mpp2024.utils.JdbcUtils 24 getNewConnection - Enter
25 Mar 2024 12:51:03,822 INFO  ro.mpp2024.utils.JdbcUtils 29 getNewConnection - trying to connect to database ... jdbc:sqlite:C:/Users/adria/IdeaProjects/mpp-proiect-java-Adrian6303/companieZbordb
25 Mar 2024 12:51:03,822 INFO  ro.mpp2024.utils.JdbcUtils 30 getNewConnection - user: null
25 Mar 2024 12:51:03,823 INFO  ro.mpp2024.utils.JdbcUtils 31 getNewConnection - pass: null
25 Mar 2024 12:51:03,823 TRACE ro.mpp2024.utils.JdbcUtils 56 getConnection - Exit with(org.sqlite.jdbc4.JDBC4Connection@5ddeb7cb)
25 Mar 2024 12:51:03,832 TRACE ro.mpp2024.repository.ZborRepo 54 findAll - Exit with([Zbor{destinatia='Milano', dataPlecarii=2024-03-30, aeroportul='Bergamo', nrLocuri=100, id=1}, Zbor{destinatia='Paris', dataPlecarii=2024-03-31, aeroportul='Beaovois', nrLocuri=150, id=2}])
25 Mar 2024 12:51:03,832 TRACE ro.mpp2024.repository.BiletRepo 48 findAll - Enter
25 Mar 2024 12:51:03,832 TRACE ro.mpp2024.utils.JdbcUtils 47 getConnection - Enter
25 Mar 2024 12:51:03,832 TRACE ro.mpp2024.utils.JdbcUtils 24 getNewConnection - Enter
25 Mar 2024 12:51:03,833 INFO  ro.mpp2024.utils.JdbcUtils 29 getNewConnection - trying to connect to database ... jdbc:sqlite:C:/Users/adria/IdeaProjects/mpp-proiect-java-Adrian6303/companieZbordb
25 Mar 2024 12:51:03,833 INFO  ro.mpp2024.utils.JdbcUtils 30 getNewConnection - user: null
25 Mar 2024 12:51:03,833 INFO  ro.mpp2024.utils.JdbcUtils 31 getNewConnection - pass: null
25 Mar 2024 12:51:03,833 TRACE ro.mpp2024.utils.JdbcUtils 56 getConnection - Exit with(org.sqlite.jdbc4.JDBC4Connection@73eb439a)
25 Mar 2024 12:51:03,839 TRACE ro.mpp2024.repository.BiletRepo 74 findAll - Exit with([Bilet{angajat=null, zbor=null, client=null, listaTuristi=[], adresaClient='Cluj', nrLocuri=2, id=1}, Bilet{angajat=null, zbor=null, client=null, listaTuristi=[], adresaClient='Bucuresti', nrLocuri=1, id=2}])
29 Mar 2024 20:31:14,461 INFO  ro.mpp2024.repository.AngajatRepo 24 <init> - Initializing AngajatRepo with properties: {jdbc.url=jdbc:sqlite:C:/Users/adria/IdeaProjects/mpp-proiect-java-Adrian6303/companieZbordb} 
29 Mar 2024 20:31:14,468 INFO  ro.mpp2024.repository.ZborRepo 23 <init> - Initializing ZborRepo with properties: {jdbc.url=jdbc:sqlite:C:/Users/adria/IdeaProjects/mpp-proiect-java-Adrian6303/companieZbordb} 
29 Mar 2024 20:31:14,469 INFO  ro.mpp2024.repository.TuristRepo 25 <init> - Initializing TuristRepo with properties: {jdbc.url=jdbc:sqlite:C:/Users/adria/IdeaProjects/mpp-proiect-java-Adrian6303/companieZbordb} 
29 Mar 2024 20:31:14,470 INFO  ro.mpp2024.repository.BiletRepo 33 <init> - Initializing BiletRepo with properties: {jdbc.url=jdbc:sqlite:C:/Users/adria/IdeaProjects/mpp-proiect-java-Adrian6303/companieZbordb} 
29 Mar 2024 20:31:31,481 TRACE ro.mpp2024.repository.AngajatRepo 51 findAngajatByUserAndPass - Enter
29 Mar 2024 20:31:31,481 TRACE ro.mpp2024.utils.JdbcUtils 47 getConnection - Enter
29 Mar 2024 20:31:31,481 TRACE ro.mpp2024.utils.JdbcUtils 24 getNewConnection - Enter
29 Mar 2024 20:31:31,482 INFO  ro.mpp2024.utils.JdbcUtils 29 getNewConnection - trying to connect to database ... jdbc:sqlite:C:/Users/adria/IdeaProjects/mpp-proiect-java-Adrian6303/companieZbordb
29 Mar 2024 20:31:31,482 INFO  ro.mpp2024.utils.JdbcUtils 30 getNewConnection - user: null
29 Mar 2024 20:31:31,482 INFO  ro.mpp2024.utils.JdbcUtils 31 getNewConnection - pass: null
29 Mar 2024 20:31:31,713 TRACE ro.mpp2024.utils.JdbcUtils 56 getConnection - Exit with(org.sqlite.jdbc4.JDBC4Connection@60d8a812)
29 Mar 2024 20:31:31,717 TRACE ro.mpp2024.repository.AngajatRepo 61 findAngajatByUserAndPass - Exit with(Angajat{user='User1', password='1234', id=1})
29 Mar 2024 20:31:48,041 TRACE ro.mpp2024.repository.AngajatRepo 51 findAngajatByUserAndPass - Enter
29 Mar 2024 20:31:48,044 TRACE ro.mpp2024.utils.JdbcUtils 47 getConnection - Enter
29 Mar 2024 20:31:48,044 TRACE ro.mpp2024.utils.JdbcUtils 56 getConnection - Exit with(org.sqlite.jdbc4.JDBC4Connection@60d8a812)
29 Mar 2024 20:31:48,045 TRACE ro.mpp2024.repository.AngajatRepo 69 findAngajatByUserAndPass - Exit
29 Mar 2024 20:33:39,535 INFO  ro.mpp2024.repository.AngajatRepo 24 <init> - Initializing AngajatRepo with properties: {jdbc.url=jdbc:sqlite:C:/Users/adria/IdeaProjects/mpp-proiect-java-Adrian6303/companieZbordb} 
29 Mar 2024 20:33:39,542 INFO  ro.mpp2024.repository.ZborRepo 23 <init> - Initializing ZborRepo with properties: {jdbc.url=jdbc:sqlite:C:/Users/adria/IdeaProjects/mpp-proiect-java-Adrian6303/companieZbordb} 
29 Mar 2024 20:33:39,544 INFO  ro.mpp2024.repository.TuristRepo 25 <init> - Initializing TuristRepo with properties: {jdbc.url=jdbc:sqlite:C:/Users/adria/IdeaProjects/mpp-proiect-java-Adrian6303/companieZbordb} 
29 Mar 2024 20:33:39,546 INFO  ro.mpp2024.repository.BiletRepo 33 <init> - Initializing BiletRepo with properties: {jdbc.url=jdbc:sqlite:C:/Users/adria/IdeaProjects/mpp-proiect-java-Adrian6303/companieZbordb} 
29 Mar 2024 20:33:42,639 TRACE ro.mpp2024.repository.AngajatRepo 51 findAngajatByUserAndPass - Enter
29 Mar 2024 20:33:42,640 TRACE ro.mpp2024.utils.JdbcUtils 47 getConnection - Enter
29 Mar 2024 20:33:42,640 TRACE ro.mpp2024.utils.JdbcUtils 24 getNewConnection - Enter
29 Mar 2024 20:33:42,641 INFO  ro.mpp2024.utils.JdbcUtils 29 getNewConnection - trying to connect to database ... jdbc:sqlite:C:/Users/adria/IdeaProjects/mpp-proiect-java-Adrian6303/companieZbordb
29 Mar 2024 20:33:42,641 INFO  ro.mpp2024.utils.JdbcUtils 30 getNewConnection - user: null
29 Mar 2024 20:33:42,642 INFO  ro.mpp2024.utils.JdbcUtils 31 getNewConnection - pass: null
29 Mar 2024 20:33:42,853 TRACE ro.mpp2024.utils.JdbcUtils 56 getConnection - Exit with(org.sqlite.jdbc4.JDBC4Connection@42021492)
29 Mar 2024 20:33:42,857 TRACE ro.mpp2024.repository.AngajatRepo 69 findAngajatByUserAndPass - Exit
29 Mar 2024 20:34:48,592 INFO  ro.mpp2024.repository.AngajatRepo 24 <init> - Initializing AngajatRepo with properties: {jdbc.url=jdbc:sqlite:C:/Users/adria/IdeaProjects/mpp-proiect-java-Adrian6303/companieZbordb} 
29 Mar 2024 20:34:48,598 INFO  ro.mpp2024.repository.ZborRepo 23 <init> - Initializing ZborRepo with properties: {jdbc.url=jdbc:sqlite:C:/Users/adria/IdeaProjects/mpp-proiect-java-Adrian6303/companieZbordb} 
29 Mar 2024 20:34:48,599 INFO  ro.mpp2024.repository.TuristRepo 25 <init> - Initializing TuristRepo with properties: {jdbc.url=jdbc:sqlite:C:/Users/adria/IdeaProjects/mpp-proiect-java-Adrian6303/companieZbordb} 
29 Mar 2024 20:34:48,600 INFO  ro.mpp2024.repository.BiletRepo 33 <init> - Initializing BiletRepo with properties: {jdbc.url=jdbc:sqlite:C:/Users/adria/IdeaProjects/mpp-proiect-java-Adrian6303/companieZbordb} 
29 Mar 2024 20:34:52,127 TRACE ro.mpp2024.repository.AngajatRepo 51 findAngajatByUserAndPass - Enter
29 Mar 2024 20:34:52,129 TRACE ro.mpp2024.utils.JdbcUtils 47 getConnection - Enter
29 Mar 2024 20:34:52,129 TRACE ro.mpp2024.utils.JdbcUtils 24 getNewConnection - Enter
29 Mar 2024 20:34:52,129 INFO  ro.mpp2024.utils.JdbcUtils 29 getNewConnection - trying to connect to database ... jdbc:sqlite:C:/Users/adria/IdeaProjects/mpp-proiect-java-Adrian6303/companieZbordb
29 Mar 2024 20:34:52,130 INFO  ro.mpp2024.utils.JdbcUtils 30 getNewConnection - user: null
29 Mar 2024 20:34:52,130 INFO  ro.mpp2024.utils.JdbcUtils 31 getNewConnection - pass: null
29 Mar 2024 20:34:52,336 TRACE ro.mpp2024.utils.JdbcUtils 56 getConnection - Exit with(org.sqlite.jdbc4.JDBC4Connection@31534d00)
29 Mar 2024 20:34:52,339 TRACE ro.mpp2024.repository.AngajatRepo 69 findAngajatByUserAndPass - Exit
29 Mar 2024 20:42:07,906 INFO  ro.mpp2024.repository.AngajatRepo 24 <init> - Initializing AngajatRepo with properties: {jdbc.url=jdbc:sqlite:C:/Users/adria/IdeaProjects/mpp-proiect-java-Adrian6303/companieZbordb} 
29 Mar 2024 20:42:07,913 INFO  ro.mpp2024.repository.ZborRepo 23 <init> - Initializing ZborRepo with properties: {jdbc.url=jdbc:sqlite:C:/Users/adria/IdeaProjects/mpp-proiect-java-Adrian6303/companieZbordb} 
29 Mar 2024 20:42:07,914 INFO  ro.mpp2024.repository.TuristRepo 25 <init> - Initializing TuristRepo with properties: {jdbc.url=jdbc:sqlite:C:/Users/adria/IdeaProjects/mpp-proiect-java-Adrian6303/companieZbordb} 
29 Mar 2024 20:42:07,916 INFO  ro.mpp2024.repository.BiletRepo 33 <init> - Initializing BiletRepo with properties: {jdbc.url=jdbc:sqlite:C:/Users/adria/IdeaProjects/mpp-proiect-java-Adrian6303/companieZbordb} 
29 Mar 2024 20:42:18,082 TRACE ro.mpp2024.repository.AngajatRepo 51 findAngajatByUserAndPass - Enter
29 Mar 2024 20:42:18,087 TRACE ro.mpp2024.utils.JdbcUtils 47 getConnection - Enter
29 Mar 2024 20:42:18,088 TRACE ro.mpp2024.utils.JdbcUtils 24 getNewConnection - Enter
29 Mar 2024 20:42:18,088 INFO  ro.mpp2024.utils.JdbcUtils 29 getNewConnection - trying to connect to database ... jdbc:sqlite:C:/Users/adria/IdeaProjects/mpp-proiect-java-Adrian6303/companieZbordb
29 Mar 2024 20:42:18,089 INFO  ro.mpp2024.utils.JdbcUtils 30 getNewConnection - user: null
29 Mar 2024 20:42:18,090 INFO  ro.mpp2024.utils.JdbcUtils 31 getNewConnection - pass: null
29 Mar 2024 20:42:18,322 TRACE ro.mpp2024.utils.JdbcUtils 56 getConnection - Exit with(org.sqlite.jdbc4.JDBC4Connection@42021492)
29 Mar 2024 20:42:18,327 TRACE ro.mpp2024.repository.AngajatRepo 61 findAngajatByUserAndPass - Exit with(Angajat{user='User1', password='1234', id=1})
29 Mar 2024 20:46:43,820 INFO  ro.mpp2024.repository.AngajatRepo 24 <init> - Initializing AngajatRepo with properties: {jdbc.url=jdbc:sqlite:C:/Users/adria/IdeaProjects/mpp-proiect-java-Adrian6303/companieZbordb} 
29 Mar 2024 20:46:43,826 INFO  ro.mpp2024.repository.ZborRepo 23 <init> - Initializing ZborRepo with properties: {jdbc.url=jdbc:sqlite:C:/Users/adria/IdeaProjects/mpp-proiect-java-Adrian6303/companieZbordb} 
29 Mar 2024 20:46:43,827 INFO  ro.mpp2024.repository.TuristRepo 25 <init> - Initializing TuristRepo with properties: {jdbc.url=jdbc:sqlite:C:/Users/adria/IdeaProjects/mpp-proiect-java-Adrian6303/companieZbordb} 
29 Mar 2024 20:46:43,829 INFO  ro.mpp2024.repository.BiletRepo 33 <init> - Initializing BiletRepo with properties: {jdbc.url=jdbc:sqlite:C:/Users/adria/IdeaProjects/mpp-proiect-java-Adrian6303/companieZbordb} 
29 Mar 2024 20:46:52,399 TRACE ro.mpp2024.repository.AngajatRepo 51 findAngajatByUserAndPass - Enter
29 Mar 2024 20:46:52,400 TRACE ro.mpp2024.utils.JdbcUtils 47 getConnection - Enter
29 Mar 2024 20:46:52,400 TRACE ro.mpp2024.utils.JdbcUtils 24 getNewConnection - Enter
29 Mar 2024 20:46:52,401 INFO  ro.mpp2024.utils.JdbcUtils 29 getNewConnection - trying to connect to database ... jdbc:sqlite:C:/Users/adria/IdeaProjects/mpp-proiect-java-Adrian6303/companieZbordb
29 Mar 2024 20:46:52,401 INFO  ro.mpp2024.utils.JdbcUtils 30 getNewConnection - user: null
29 Mar 2024 20:46:52,401 INFO  ro.mpp2024.utils.JdbcUtils 31 getNewConnection - pass: null
29 Mar 2024 20:46:52,606 TRACE ro.mpp2024.utils.JdbcUtils 56 getConnection - Exit with(org.sqlite.jdbc4.JDBC4Connection@a913426)
29 Mar 2024 20:46:52,612 TRACE ro.mpp2024.repository.AngajatRepo 61 findAngajatByUserAndPass - Exit with(Angajat{user='User1', password='1234', id=1})
29 Mar 2024 20:46:57,532 TRACE ro.mpp2024.repository.AngajatRepo 51 findAngajatByUserAndPass - Enter
29 Mar 2024 20:46:57,532 TRACE ro.mpp2024.utils.JdbcUtils 47 getConnection - Enter
29 Mar 2024 20:46:57,532 TRACE ro.mpp2024.utils.JdbcUtils 56 getConnection - Exit with(org.sqlite.jdbc4.JDBC4Connection@a913426)
29 Mar 2024 20:46:57,533 TRACE ro.mpp2024.repository.AngajatRepo 69 findAngajatByUserAndPass - Exit
